<?xml version="1.0" encoding="UTF-8"?>
<!-- Generated by org.testng.reporters.JUnitXMLReporter -->
<testsuite hostname="ASUS-PC" ignored="0" name="Test" tests="50" failures="0" timestamp="2020-01-27T23:15:27 IST" time="815.996" errors="0">
  <testcase name="Verification_ofPart_four" time="0.13" classname="com.google.test.testcase_one"/>
  <testcase name="Verification_ofPart_one" time="0.096" classname="com.google.test.testcase_one"/>
  <testcase name="Verification_ofPart_three" time="0.089" classname="com.google.test.testcase_one"/>
  <testcase name="Verification_ofPart_two" time="0.073" classname="com.google.test.testcase_one"/>
  <testcase name="gmail_oneVerification" time="13.488" classname="com.google.test.google_gmailVerificationTEST"/>
  <testcase name="first_product" time="0.149" classname="com.google.test.googleProduct_verificationTEST"/>
  <testcase name="secound_product" time="0.124" classname="com.google.test.googleProduct_verificationTEST"/>
  <testcase name="thired_product" time="0.124" classname="com.google.test.googleProduct_verificationTEST"/>
  <testcase name="fourth_product" time="0.197" classname="com.google.test.googleProduct_verificationTEST"/>
  <testcase name="gmail_body_Verification" time="19.776" classname="com.google.test.googlegmail_SetingVerificationTEST"/>
  <testcase name="gmail_body_Verification" time="20.265" classname="com.google.test.google_mailcomposeVerificationTEST"/>
  <testcase name="LaungVerifcation_one" time="0.996" classname="com.google.test.GoogleLaungage_appearTEST"/>
  <testcase name="LaungVerifcation_two" time="0.911" classname="com.google.test.GoogleLaungage_appearTEST"/>
  <testcase name="testSendMailVerify" time="21.957" classname="com.google.test.Google_SentCheckMailTEST"/>
  <testcase name="testCountMail" time="17.964" classname="com.google.test.Google_MailAttachmentCheckTEST"/>
  <testcase name="titleVerificationTEST_seven" time="3.094" classname="com.google.test.google_pageTitle_verificationTEST"/>
  <testcase name="titleVerificationTEST_two" time="1.987" classname="com.google.test.google_pageTitle_verificationTEST"/>
  <testcase name="titleVerificationTEST_three" time="3.964" classname="com.google.test.google_pageTitle_verificationTEST"/>
  <testcase name="titleVerificationTEST_four" time="8.72" classname="com.google.test.google_pageTitle_verificationTEST"/>
  <testcase name="titleVerificationTEST_five" time="4.805" classname="com.google.test.google_pageTitle_verificationTEST"/>
  <testcase name="titleVerificationTEST_six" time="9.968" classname="com.google.test.google_pageTitle_verificationTEST"/>
  <testcase name="titleVerificationTEST_one" time="4.129" classname="com.google.test.google_pageTitle_verificationTEST"/>
  <testcase name="titleVerificationTEST_eight" time="4.348" classname="com.google.test.google_pageTitle_verificationTEST"/>
  <testcase name="titleVerificationTEST_nine" time="4.412" classname="com.google.test.google_pageTitle_verificationTEST"/>
  <testcase name="testCountMail" time="17.714" classname="com.google.test.Google_CountUnreadMailTEST"/>
  <testcase name="SigninAccount" time="12.753" classname="com.google.test.google_pageSiginOperationsTEST"/>
  <testcase name="SigninSearch" time="15.286" classname="com.google.test.google_pageSiginOperationsTEST"/>
  <testcase name="SigninMap" time="21.777" classname="com.google.test.google_pageSiginOperationsTEST"/>
  <testcase name="SigninYoutube" time="18.519" classname="com.google.test.google_pageSiginOperationsTEST"/>
  <testcase name="SigninPlay" time="15.309" classname="com.google.test.google_pageSiginOperationsTEST"/>
  <testcase name="SigninNews" time="22.836" classname="com.google.test.google_pageSiginOperationsTEST"/>
  <testcase name="SigninPhoto" time="18.008" classname="com.google.test.google_pageSiginOperationsTEST"/>
  <testcase name="gmail_body_Verification" time="41.147" classname="com.google.test.google_newLabelCreateVerifyTEST"/>
  <testcase name="testSendMail" time="42.832" classname="com.google.test.Google_SendMailTEST"/>
  <testcase name="test_NoMails" time="27.725" classname="com.google.test.Google_totalNoMailsTEST"/>
  <testcase name="gmail_oneVerification" time="44.375" classname="com.google.test.Google_MailSendingToLabelTEST"/>
  <testcase name="testCountMail" time="19.852" classname="com.google.test.Google_StaredMailCountTEST"/>
  <testcase name="firstinput_verifytest" time="3.901" classname="com.google.test.google_outputVerificationTEST"/>
  <testcase name="test_eight" time="0.744" classname="com.google.test.google_dialogeApp_verificationTEST"/>
  <testcase name="test_eleven" time="0.792" classname="com.google.test.google_dialogeApp_verificationTEST"/>
  <testcase name="test_five" time="0.494" classname="com.google.test.google_dialogeApp_verificationTEST"/>
  <testcase name="test_four" time="0.307" classname="com.google.test.google_dialogeApp_verificationTEST"/>
  <testcase name="test_nine" time="0.884" classname="com.google.test.google_dialogeApp_verificationTEST"/>
  <testcase name="test_one" time="0.329" classname="com.google.test.google_dialogeApp_verificationTEST"/>
  <testcase name="test_seven" time="0.852" classname="com.google.test.google_dialogeApp_verificationTEST"/>
  <testcase name="test_six" time="0.483" classname="com.google.test.google_dialogeApp_verificationTEST"/>
  <testcase name="test_ten" time="0.959" classname="com.google.test.google_dialogeApp_verificationTEST"/>
  <testcase name="test_three" time="0.553" classname="com.google.test.google_dialogeApp_verificationTEST"/>
  <testcase name="test_twele" time="0.737" classname="com.google.test.google_dialogeApp_verificationTEST"/>
  <testcase name="test_two" time="0.797" classname="com.google.test.google_dialogeApp_verificationTEST"/>
</testsuite> <!-- Test -->
